2026-05-03 01:45:11 - Script start
2026-05-03 07:45:12 - POST Request Received
2026-05-03 07:45:12 - Data: Jang Ha-ri (oten)
2026-05-03 01:45:42 - Script start
2026-05-03 07:45:42 - POST Request Received
2026-05-03 07:45:42 - Data: Phoebe Oten Big (Phoebe)
2026-05-03 07:45:42 - Generating PDF...
2026-05-03 07:45:43 - PDF Generated: assets/pdfs/covenant_guest_1777765542_PhoebeOtenBig.pdf
2026-05-03 07:45:43 - Inserting to DB...
2026-05-03 07:45:43 - DB Inserted. ID: 28
2026-05-03 07:45:48 - Email Sent Successfully to gentilesjay8426@gmail.com
2026-05-03 07:45:48 - Redirecting to success...
2026-05-03 22:53:15 - Script start
2026-05-04 10:53:15 - POST Request Received
2026-05-04 10:53:15 - Data: Marjohn Robillo (PropulseVA by Zappify.io)
2026-05-03 22:54:06 - Script start
2026-05-04 10:54:06 - POST Request Received
2026-05-04 10:54:06 - Data: Jovito Bolacoy Jr (Davao del Norte State College)
2026-05-03 22:54:16 - Script start
2026-05-04 10:54:16 - POST Request Received
2026-05-04 10:54:16 - Data: Mark Mallari (Nehemiah Solutions Corp)
2026-05-03 22:54:16 - Script start
2026-05-04 10:54:16 - POST Request Received
2026-05-04 10:54:16 - Data: REIL R. IGONA, MM, CHRA (LGU Tagum City)
2026-05-03 22:54:39 - Script start
2026-05-04 10:54:39 - POST Request Received
2026-05-04 10:54:39 - Data: Marjohn Robillo (PropulseVA by Zappify.io)
2026-05-03 22:54:59 - Script start
2026-05-04 10:54:59 - POST Request Received
2026-05-04 10:54:59 - Data: Mark Van Buladaco (Davao del Norte State College)
2026-05-03 22:55:08 - Script start
2026-05-04 10:55:08 - POST Request Received
2026-05-04 10:55:08 - Data: REIL R. IGONA, MM, CHRA (LGU Tagum City)
2026-05-03 22:55:19 - Script start
2026-05-04 10:55:19 - POST Request Received
2026-05-04 10:55:19 - Data: Jovito Bolacoy Jr (Davao del Norte State College)
2026-05-03 22:55:22 - Script start
2026-05-04 10:55:22 - POST Request Received
2026-05-04 10:55:22 - Data: Mark Mallari (Nehemiah Solutions Corp)
2026-05-03 22:55:29 - Script start
2026-05-04 10:55:29 - POST Request Received
2026-05-04 10:55:29 - Data: MA. MELANIE N. EDIG (DNSC)
2026-05-03 22:55:58 - Script start
2026-05-04 10:55:58 - POST Request Received
2026-05-04 10:55:58 - Data: REIL R. IGONA, MM, CHRA (LGU Tagum City)
2026-05-03 22:56:00 - Script start
2026-05-04 10:56:00 - POST Request Received
2026-05-04 10:56:00 - Data: Christine S. Rabanes (Holy Child College of DDN)
2026-05-03 22:56:28 - Script start
2026-05-04 10:56:28 - POST Request Received
2026-05-04 10:56:28 - Data: Dally Mae Poliquit (Davao del Norte State College)
2026-05-03 22:56:38 - Script start
2026-05-04 10:56:38 - POST Request Received
2026-05-04 10:56:38 - Data: Frency Vars Vallecera (Area 51 Information Technology Services)
2026-05-03 22:57:32 - Script start
2026-05-04 10:57:32 - POST Request Received
2026-05-04 10:57:32 - Data: Rhaymart Joe Gella (Davao del Norte State College)
2026-05-03 22:57:43 - Script start
2026-05-04 10:57:43 - POST Request Received
2026-05-04 10:57:43 - Data: Felix J Delfuso (Maryknoll College of Panabo, Inc.)
2026-05-03 22:58:12 - Script start
2026-05-04 10:58:12 - POST Request Received
2026-05-04 10:58:12 - Data: Jane M. Vitorillo (KUSINAUNIVERSITY ONLINE TUTORIAL SERVICES)
2026-05-03 22:58:27 - Script start
2026-05-04 10:58:27 - POST Request Received
2026-05-04 10:58:27 - Data: Dony C. Dongiapon (Davao Oriental State University)
2026-05-03 22:58:45 - Script start
2026-05-04 10:58:45 - POST Request Received
2026-05-04 10:58:45 - Data: Felix Delfuso Jr (Maryknoll College of Panabo, Inc)
2026-05-03 22:59:14 - Script start
2026-05-04 10:59:14 - POST Request Received
2026-05-04 10:59:14 - Data: Joyzel Odi (Provincial ICT Office)
2026-05-03 22:59:21 - Script start
2026-05-03 22:59:38 - Script start
2026-05-04 10:59:38 - POST Request Received
2026-05-04 10:59:38 - Data: Rhaymart Joe Gella (Davao del Norte State College)
2026-05-03 22:59:52 - Script start
2026-05-04 10:59:52 - POST Request Received
2026-05-04 10:59:52 - Data: Dony Dongiapon (Davao Oriental State University)
2026-05-03 23:00:40 - Script start
2026-05-04 11:00:40 - POST Request Received
2026-05-04 11:00:40 - Data: Jane M. Vitorillo (KUSINAUNIVERSITY ONLINE TUTORIAL SERVICES)
2026-05-03 23:00:55 - Script start
2026-05-04 11:00:56 - POST Request Received
2026-05-04 11:00:56 - Data: Mark Van Buladaco (Davao del Norte State College)
2026-05-03 23:00:58 - Script start
2026-05-04 11:00:58 - POST Request Received
2026-05-04 11:00:58 - Data: Elizabeth Badilles (DICT-XI)
2026-05-03 23:01:19 - Script start
2026-05-04 11:01:19 - POST Request Received
2026-05-04 11:01:19 - Data: Dony Dongiapon (Davao Oriental State University)
2026-05-03 23:02:10 - Script start
2026-05-04 11:02:10 - POST Request Received
2026-05-04 11:02:10 - Data: Jane M. Vitorillo (KUSINAUNIVERSITY ONLINE TUTORIAL SERVICES)
2026-05-03 23:02:21 - Script start
2026-05-04 11:02:21 - POST Request Received
2026-05-04 11:02:21 - Data: Dony Dongiapon (Davao Oriental State University)
2026-05-03 23:06:39 - Script start
2026-05-04 11:06:39 - POST Request Received
2026-05-04 11:06:39 - Data: Dony Dongiapon (Davao Oriental State University)
2026-05-03 23:10:02 - Script start
2026-05-04 11:10:02 - POST Request Received
2026-05-04 11:10:02 - Data: Mark Van Buladaco (Davao del Norte State College)
2026-05-03 23:12:11 - Script start
2026-05-04 11:12:11 - POST Request Received
2026-05-04 11:12:11 - Data: Louie Jay Losaria (DEPARTMENT OF MIGRANT WORKERS RO XI)
2026-05-03 23:12:43 - Script start
2026-05-04 11:12:43 - POST Request Received
2026-05-04 11:12:43 - Data: Rhaymart Joe Gella (Davao del Norte State College)
2026-05-04 11:12:43 - Generating PDF...
2026-05-04 11:12:43 - PDF Generated: assets/pdfs/covenant_guest_1777864363_RhaymartJoeGella.pdf
2026-05-04 11:12:43 - Inserting to DB...
2026-05-04 11:12:43 - DB Inserted. ID: 1
2026-05-04 11:12:44 - Email Sent Successfully to rhaymartjoe.gella@dnsc.edu.ph
2026-05-04 11:12:44 - Redirecting to success...
2026-05-03 23:12:52 - Script start
2026-05-04 11:12:52 - POST Request Received
2026-05-04 11:12:52 - Data: test (test)
2026-05-04 11:12:52 - Generating PDF...
2026-05-04 11:12:52 - PDF Generated: assets/pdfs/covenant_guest_1777864372_test.pdf
2026-05-04 11:12:52 - Inserting to DB...
2026-05-04 11:12:52 - DB Inserted. ID: 2
2026-05-04 11:12:52 - Email Sent Successfully to delapena.jhanrexphilip@dnsc.edu.ph
2026-05-04 11:12:52 - Redirecting to success...
2026-05-03 23:13:27 - Script start
2026-05-04 11:13:27 - POST Request Received
2026-05-04 11:13:27 - Data: LOUIE JAY LOSARIA (DEPARTMENT OF MIGRANT WORKERS)
2026-05-04 11:13:27 - Generating PDF...
2026-05-04 11:13:27 - PDF Generated: assets/pdfs/covenant_guest_1777864407_LOUIEJAYLOSARIA.pdf
2026-05-04 11:13:27 - Inserting to DB...
2026-05-04 11:13:27 - DB Inserted. ID: 3
2026-05-04 11:13:28 - Email Sent Successfully to losaria.louiejay@gmail.com
2026-05-04 11:13:28 - Redirecting to success...
2026-05-03 23:15:08 - Script start
2026-05-04 11:15:08 - POST Request Received
2026-05-04 11:15:08 - Data: Mark Van Buladaco (Davao del Norte State College)
2026-05-04 11:15:08 - Generating PDF...
2026-05-04 11:15:08 - PDF Generated: assets/pdfs/covenant_guest_1777864508_MarkVanBuladaco.pdf
2026-05-04 11:15:08 - Inserting to DB...
2026-05-04 11:15:08 - DB Inserted. ID: 4
2026-05-04 11:15:08 - Email Sent Successfully to markvan.buladaco@dnsc.edu.ph
2026-05-04 11:15:08 - Redirecting to success...
2026-05-03 23:16:30 - Script start
2026-05-04 11:16:31 - POST Request Received
2026-05-04 11:16:31 - Data: Marjohn Robillo (PropulseVA by Zappify.io)
2026-05-04 11:16:31 - Generating PDF...
2026-05-04 11:16:31 - PDF Generated: assets/pdfs/covenant_guest_1777864591_MarjohnRobillo.pdf
2026-05-04 11:16:31 - Inserting to DB...
2026-05-04 11:16:31 - DB Inserted. ID: 5
2026-05-04 11:16:31 - Email Sent Successfully to hello@marjohnrobillo.com
2026-05-04 11:16:31 - Redirecting to success...
2026-05-03 23:19:59 - Script start
2026-05-04 11:19:59 - POST Request Received
2026-05-04 11:19:59 - Data: Jane M. Vitorillo (KUSINAUNIVERSITY ONLINE TUTORIAL SERVICES)
2026-05-04 11:19:59 - Generating PDF...
2026-05-04 11:19:59 - PDF Generated: assets/pdfs/covenant_guest_1777864799_JaneMVitorillo.pdf
2026-05-04 11:19:59 - Inserting to DB...
2026-05-04 11:19:59 - DB Inserted. ID: 6
2026-05-04 11:20:00 - Email Sent Successfully to janevitorillo01@gmail.com
2026-05-04 11:20:00 - Redirecting to success...
2026-05-03 23:20:18 - Script start
2026-05-04 11:20:18 - POST Request Received
2026-05-04 11:20:18 - Data: Mark Mallari (Nehemiah Solutions Corp)
2026-05-04 11:20:18 - Generating PDF...
2026-05-04 11:20:18 - PDF Generated: assets/pdfs/covenant_guest_1777864818_MarkMallari.pdf
2026-05-04 11:20:18 - Inserting to DB...
2026-05-04 11:20:18 - DB Inserted. ID: 7
2026-05-04 11:20:19 - Email Sent Successfully to nehemiahsolutionsmarketing@gmail.com
2026-05-04 11:20:19 - Redirecting to success...
2026-05-03 23:20:41 - Script start
2026-05-04 11:20:41 - POST Request Received
2026-05-04 11:20:41 - Data: KEIR JAY SOLIS BALINGAN (PESO PANABO)
2026-05-04 11:20:41 - Generating PDF...
2026-05-04 11:20:41 - PDF Generated: assets/pdfs/covenant_guest_1777864841_KEIRJAYSOLISBALINGAN.pdf
2026-05-04 11:20:41 - Inserting to DB...
2026-05-04 11:20:41 - DB Inserted. ID: 8
2026-05-04 11:20:42 - Email Sent Successfully to keirjaybalingan@gmail.com
2026-05-04 11:20:42 - Redirecting to success...
2026-05-03 23:20:50 - Script start
2026-05-04 11:20:50 - POST Request Received
2026-05-04 11:20:50 - Data: Christine S. Rabanes (Holy Child College of Davao Del Norte)
2026-05-04 11:20:50 - Generating PDF...
2026-05-04 11:20:50 - PDF Generated: assets/pdfs/covenant_guest_1777864850_ChristineSRabanes.pdf
2026-05-04 11:20:50 - Inserting to DB...
2026-05-04 11:20:50 - DB Inserted. ID: 9
2026-05-04 11:20:50 - Email Sent Successfully to simbulaschristine@gmail.com
2026-05-04 11:20:50 - Redirecting to success...
2026-05-03 23:20:55 - Script start
2026-05-04 11:20:55 - POST Request Received
2026-05-04 11:20:55 - Data: Ma. Melanie N. Edig (Davao del Norte State College)
2026-05-04 11:20:55 - Generating PDF...
2026-05-04 11:20:55 - PDF Generated: assets/pdfs/covenant_guest_1777864855_MaMelanieNEdig.pdf
2026-05-04 11:20:55 - Inserting to DB...
2026-05-04 11:20:55 - DB Inserted. ID: 10
2026-05-04 11:20:55 - Email Sent Successfully to mamelanie.edig@dnsc.edu.ph
2026-05-04 11:20:55 - Redirecting to success...
2026-05-03 23:21:05 - Script start
2026-05-04 11:21:05 - POST Request Received
2026-05-04 11:21:05 - Data: Reban Cliff Fajardo (DAVAO DEL NORTE STATE COLLEGE)
2026-05-04 11:21:05 - Generating PDF...
2026-05-04 11:21:05 - PDF Generated: assets/pdfs/covenant_guest_1777864865_RebanCliffFajardo.pdf
2026-05-04 11:21:05 - Inserting to DB...
2026-05-04 11:21:05 - DB Inserted. ID: 11
2026-05-04 11:21:05 - Email Sent Successfully to rebancliff.fajardo@dnsc.edu.ph
2026-05-04 11:21:05 - Redirecting to success...
2026-05-03 23:23:21 - Script start
2026-05-04 11:23:21 - POST Request Received
2026-05-04 11:23:21 - Data: Reynante A. Castañares (Davao Metro Shuttle Corporation)
2026-05-04 11:23:21 - Generating PDF...
2026-05-04 11:23:21 - PDF Generated: assets/pdfs/covenant_guest_1777865001_ReynanteACastaares.pdf
2026-05-04 11:23:21 - Inserting to DB...
2026-05-04 11:23:21 - DB Inserted. ID: 12
2026-05-04 11:23:22 - Email Sent Successfully to reynantecastanares.dmsc@gmail.com
2026-05-04 11:23:22 - Redirecting to success...
2026-05-03 23:23:28 - Script start
2026-05-03 23:23:39 - Script start
2026-05-04 11:23:39 - POST Request Received
2026-05-04 11:23:39 - Data: Dally Mae Poliquit (Davao del Norte State College)
2026-05-04 11:23:39 - Generating PDF...
2026-05-04 11:23:39 - PDF Generated: assets/pdfs/covenant_guest_1777865019_DallyMaePoliquit.pdf
2026-05-04 11:23:39 - Inserting to DB...
2026-05-04 11:23:39 - DB Inserted. ID: 13
2026-05-04 11:23:40 - Email Sent Successfully to dallymae.poliquit@dnsc.edu.ph
2026-05-04 11:23:40 - Redirecting to success...
2026-05-03 23:28:01 - Script start
2026-05-04 11:28:01 - POST Request Received
2026-05-04 11:28:01 - Data: Frency Vars Vallecera (Area 51 Information Technology Services)
2026-05-04 11:28:01 - Generating PDF...
2026-05-04 11:28:01 - PDF Generated: assets/pdfs/covenant_guest_1777865281_FrencyVarsVallecera.pdf
2026-05-04 11:28:01 - Inserting to DB...
2026-05-04 11:28:01 - DB Inserted. ID: 14
2026-05-04 11:28:01 - Email Sent Successfully to vars.vallecera@area-51.ph
2026-05-04 11:28:01 - Redirecting to success...
2026-05-03 23:29:28 - Script start
2026-05-04 11:29:28 - POST Request Received
2026-05-04 11:29:28 - Data: Joyzel Odi (PLGU Davao de Oro)
2026-05-04 11:29:28 - Generating PDF...
2026-05-04 11:29:28 - PDF Generated: assets/pdfs/covenant_guest_1777865368_JoyzelOdi.pdf
2026-05-04 11:29:28 - Inserting to DB...
2026-05-04 11:29:28 - DB Inserted. ID: 15
2026-05-04 11:29:29 - Email Sent Successfully to joyzelroxasodi@gmail.com
2026-05-04 11:29:29 - Redirecting to success...
2026-05-03 23:30:39 - Script start
2026-05-04 11:30:39 - POST Request Received
2026-05-04 11:30:39 - Data: JULIE ANNE L. TADLE (DNSC IC)
2026-05-04 11:30:39 - Generating PDF...
2026-05-04 11:30:39 - PDF Generated: assets/pdfs/covenant_guest_1777865439_JULIEANNELTADLE.pdf
2026-05-04 11:30:39 - Inserting to DB...
2026-05-04 11:30:39 - DB Inserted. ID: 16
2026-05-04 11:30:39 - Email Sent Successfully to jtadle@dnsc.edu.ph
2026-05-04 11:30:39 - Redirecting to success...
2026-05-03 23:31:57 - Script start
2026-05-04 11:31:57 - POST Request Received
2026-05-04 11:31:57 - Data: Felix J Delfuso (Maryknoll College of Panabo, Inc,)
2026-05-04 11:31:57 - Generating PDF...
2026-05-04 11:31:57 - PDF Generated: assets/pdfs/covenant_guest_1777865517_FelixJDelfuso.pdf
2026-05-04 11:31:57 - Inserting to DB...
2026-05-04 11:31:57 - DB Inserted. ID: 17
2026-05-04 11:31:57 - Email Sent Successfully to delfusofelix0@mcpi.edu.ph
2026-05-04 11:31:57 - Redirecting to success...
2026-05-03 23:33:29 - Script start
2026-05-04 11:33:29 - POST Request Received
2026-05-04 11:33:29 - Data: Jumar buladaco (Dnsc)
2026-05-04 11:33:29 - Generating PDF...
2026-05-04 11:33:29 - PDF Generated: assets/pdfs/covenant_guest_1777865609_Jumarbuladaco.pdf
2026-05-04 11:33:29 - Inserting to DB...
2026-05-04 11:33:29 - DB Inserted. ID: 18
2026-05-04 11:33:29 - Email Sent Successfully to Jumaw@dnsc.edu.ph
2026-05-04 11:33:29 - Redirecting to success...
2026-05-03 23:39:19 - Script start
2026-05-04 11:39:19 - POST Request Received
2026-05-04 11:39:19 - Data: Jonathan Cabrera (Davao oriental state University)
2026-05-04 11:39:19 - Generating PDF...
2026-05-04 11:39:20 - PDF Generated: assets/pdfs/covenant_guest_1777865959_JonathanCabrera.pdf
2026-05-04 11:39:20 - Inserting to DB...
2026-05-04 11:39:20 - DB Inserted. ID: 19
2026-05-04 11:39:20 - Email Sent Successfully to jonathan.cabrera@dorsu.edu.ph
2026-05-04 11:39:20 - Redirecting to success...
2026-05-03 23:41:43 - Script start
2026-05-04 11:41:43 - POST Request Received
2026-05-04 11:41:43 - Data: Mary Ann M. Palima (Davao Defi Community)
2026-05-04 11:41:43 - Generating PDF...
2026-05-04 11:41:43 - PDF Generated: assets/pdfs/covenant_guest_1777866103_MaryAnnMPalima.pdf
2026-05-04 11:41:43 - Inserting to DB...
2026-05-04 11:41:43 - DB Inserted. ID: 20
2026-05-04 11:41:44 - Email Sent Successfully to info.davaodefi@gmail.com
2026-05-04 11:41:44 - Redirecting to success...
2026-05-04 00:20:53 - Script start
2026-05-04 12:20:53 - POST Request Received
2026-05-04 12:20:53 - Data: Dony Dongiapon (Davao Oriental State University)
2026-05-04 12:20:53 - Generating PDF...
2026-05-04 12:20:54 - PDF Generated: assets/pdfs/covenant_guest_1777868453_DonyDongiapon.pdf
2026-05-04 12:20:54 - Inserting to DB...
2026-05-04 12:20:54 - DB Inserted. ID: 21
2026-05-04 12:20:54 - Email Sent Successfully to dony.dongiapon@dorsu.edu.ph
2026-05-04 12:20:54 - Redirecting to success...
2026-05-04 00:42:23 - Script start
2026-05-04 12:42:23 - POST Request Received
2026-05-04 12:42:23 - Data: JHANREX PHILIP DELA PENA (Davao Del Norte State College)
2026-05-04 12:42:23 - Generating PDF...
2026-05-04 12:42:23 - PDF Generated: assets/pdfs/covenant_guest_1777869743_JHANREXPHILIPDELAPENA.pdf
2026-05-04 12:42:23 - Inserting to DB...
2026-05-04 12:42:23 - DB Inserted. ID: 22
2026-05-04 12:42:23 - Email Sent Successfully to delapena.jhanrexphilip@dnsc.edu.ph
2026-05-04 12:42:23 - Redirecting to success...
2026-05-04 00:51:38 - Script start
2026-05-04 12:51:38 - POST Request Received
2026-05-04 12:51:38 - Data: JASPER COMELING (DAVAO DEL NORTE STATE COLLEGE)
2026-05-04 12:51:38 - Generating PDF...
2026-05-04 12:51:38 - PDF Generated: assets/pdfs/covenant_guest_1777870298_JASPERCOMELING.pdf
2026-05-04 12:51:38 - Inserting to DB...
2026-05-04 12:51:38 - DB Inserted. ID: 23
2026-05-04 12:51:39 - Email Sent Successfully to comeling.jaspet@dnsc.edu.ph
2026-05-04 12:51:39 - Redirecting to success...
2026-05-04 01:03:07 - Script start
2026-05-04 13:03:07 - POST Request Received
2026-05-04 13:03:07 - Data: JASPER G. COMELING (DAVAO DEL NORTE STATE COLLEGE)
2026-05-04 13:03:07 - Generating PDF...
2026-05-04 13:03:07 - PDF Generated: assets/pdfs/covenant_guest_1777870987_JASPERGCOMELING.pdf
2026-05-04 13:03:07 - Inserting to DB...
2026-05-04 13:03:07 - DB Inserted. ID: 24
2026-05-04 13:03:08 - Email Sent Successfully to comeling.jasper@dnsc.edu.ph
2026-05-04 13:03:08 - Redirecting to success...
2026-05-04 01:08:08 - Script start
2026-05-04 13:08:08 - POST Request Received
2026-05-04 13:08:08 - Data: HISULA NINO (Davao Del Norte State College)
2026-05-04 13:08:08 - Generating PDF...
2026-05-04 13:08:08 - PDF Generated: assets/pdfs/covenant_guest_1777871288_HISULANINO.pdf
2026-05-04 13:08:08 - Inserting to DB...
2026-05-04 13:08:08 - DB Inserted. ID: 25
2026-05-04 13:08:09 - Email Sent Successfully to hisula.nino@dnsc.edu.ph
2026-05-04 13:08:09 - Redirecting to success...
2026-05-04 05:57:55 - Script start
2026-05-04 17:57:55 - POST Request Received
2026-05-04 17:57:55 - Data: ELIZABETH O. BADILLES (DICT-XI)
2026-05-04 17:57:55 - Generating PDF...
2026-05-04 17:57:55 - PDF Generated: assets/pdfs/covenant_guest_1777888675_ELIZABETHOBADILLES.pdf
2026-05-04 17:57:55 - Inserting to DB...
2026-05-04 17:57:55 - DB Inserted. ID: 26
2026-05-04 17:57:55 - Email Sent Successfully to elizabeth.badilles@dict.gov.ph
2026-05-04 17:57:55 - Redirecting to success...
